
Mon Oct  1 11:03:03 PDT 2018

FAIL 3 11 + : expected 14, got not implemented
FAIL 3 11 5 + - : expected -13, got not implemented
FAIL 3 11 + 5 - : expected 9, got not implemented
FAIL 2 3 11 + 5 - * : expected 18, got not implemented
FAIL 9 5 3 + 2 4 ^ - + : expected 1, got not implemented
FAIL 5 2 3 ^ + : expected 13, got not implemented
FAIL 3 2 * 11 - : expected -5, got not implemented
FAIL 2 1 12 3 / - + : expected -1, got not implemented
FAIL 6 3 - 2 ^ 11 - : expected -2, got not implemented
FAIL 6 3 2 ^ - 11 - : expected -14, got not implemented
FAIL 162 2 1 + 4 ^ / : expected 2, got not implemented
FAIL 15 7 1 1 + - / 3 * 2 1 1 + + - : expected 5, got not implemented

RpncSH:  0/12 0%

FAIL 3 11 + : expected 14, got not implemented
FAIL 3 11 5 + - : expected -13, got not implemented
FAIL 3 11 + 5 - : expected 9, got not implemented
FAIL 2 3 11 + 5 - * : expected 18, got not implemented
FAIL 9 5 3 + 2 4 ^ - + : expected 1, got not implemented
FAIL 5 2 3 ^ + : expected 13, got not implemented
FAIL 3 2 * 11 - : expected -5, got not implemented
FAIL 2 1 12 3 / - + : expected -1, got not implemented
FAIL 6 3 - 2 ^ 11 - : expected -2, got not implemented
FAIL 6 3 2 ^ - 11 - : expected -14, got not implemented
FAIL 162 2 1 + 4 ^ / : expected 2, got not implemented
FAIL 15 7 1 1 + - / 3 * 2 1 1 + + - : expected 5, got not implemented

RpncPY:  0/12 0%

PASS 3 11 + = 14
FAIL 3 11 5 + - : expected -13, got 14
FAIL 3 11 + 5 - : expected 9, got 14
FAIL 2 3 11 + 5 - * : expected 18, got 14
FAIL 9 5 3 + 2 4 ^ - + : expected 1, got 14
FAIL 5 2 3 ^ + : expected 13, got 14
FAIL 3 2 * 11 - : expected -5, got 14
FAIL 2 1 12 3 / - + : expected -1, got 14
FAIL 6 3 - 2 ^ 11 - : expected -2, got 14
FAIL 6 3 2 ^ - 11 - : expected -14, got 14
FAIL 162 2 1 + 4 ^ / : expected 2, got 14
FAIL 15 7 1 1 + - / 3 * 2 1 1 + + - : expected 5, got 14

RpncC:  1/12 8%

